#
# There is insufficient memory for the Java Runtime Environment to continue.
# Native memory allocation (malloc) failed to allocate 1248336 bytes for Chunk::new
# Possible reasons:
#   The system is out of physical RAM or swap space
#   The process is running with CompressedOops enabled, and the Java Heap may be blocking the growth of the native heap
# Possible solutions:
#   Reduce memory load on the system
#   Increase physical memory or swap space
#   Check if swap backing store is full
#   Decrease Java heap size (-Xmx/-Xms)
#   Decrease number of Java threads
#   Decrease Java thread stack sizes (-Xss)
#   Set larger code cache with -XX:ReservedCodeCacheSize=
#   JVM is running with Unscaled Compressed Oops mode in which the Java heap is
#     placed in the first 4GB address space. The Java Heap base address is the
#     maximum limit for the native heap growth. Please use -XX:HeapBaseMinAddress
#     to set the Java Heap base and to place the Java Heap above 4GB virtual address.
# This output file may be truncated or incomplete.
#
#  Out of Memory Error (arena.cpp:168), pid=6212, tid=11628
#
# JRE version: OpenJDK Runtime Environment Temurin-21.0.1+12 (21.0.1+12) (build 21.0.1+12-LTS)
# Java VM: OpenJDK 64-Bit Server VM Temurin-21.0.1+12 (21.0.1+12-LTS, mixed mode, sharing, tiered, compressed oops, compressed class ptrs, g1 gc, windows-amd64)
# No core dump will be written. Minidumps are not enabled by default on client versions of Windows
#

---------------  S U M M A R Y ------------

Command Line: -javaagent:D:\1-app\IntelliJ IDEA Community Edition 2023.2.5\lib\idea_rt.jar=50834:D:\1-app\IntelliJ IDEA Community Edition 2023.2.5\bin -Dfile.encoding=UTF-8 -Dsun.stdout.encoding=UTF-8 -Dsun.stderr.encoding=UTF-8 vn.tuanflutte.BackendSpringBootApplication

Host: Intel(R) Core(TM) i5-10300H CPU @ 2.50GHz, 8 cores, 7G,  Windows 10 , 64 bit Build 19041 (10.0.19041.3636)
Time: Mon Apr 22 17:22:36 2024 SE Asia Standard Time elapsed time: 13390.152888 seconds (0d 3h 43m 10s)

---------------  T H R E A D  ---------------

Current thread (0x000001d2b66507f0):  JavaThread "C2 CompilerThread0" daemon [_thread_in_native, id=11628, stack(0x000000ab64100000,0x000000ab64200000) (1024K)]


Current CompileTask:
C2:13390153 13214   !   4       com.mysql.cj.jdbc.ConnectionImpl::prepareStatement (457 bytes)

Stack: [0x000000ab64100000,0x000000ab64200000]
Native frames: (J=compiled Java code, j=interpreted, Vv=VM code, C=native code)
V  [jvm.dll+0x6c7789]
V  [jvm.dll+0x8a2011]
V  [jvm.dll+0x8a44ae]
V  [jvm.dll+0x8a4b83]
V  [jvm.dll+0x27f936]
V  [jvm.dll+0xc498d]
V  [jvm.dll+0xc4ea3]
V  [jvm.dll+0x3b3722]
V  [jvm.dll+0x380225]
V  [jvm.dll+0x37f68a]
V  [jvm.dll+0x247ef0]
V  [jvm.dll+0x2474cf]
V  [jvm.dll+0x1c8ae1]
V  [jvm.dll+0x256c69]
V  [jvm.dll+0x25523a]
V  [jvm.dll+0x3ecc86]
V  [jvm.dll+0x84af3b]
V  [jvm.dll+0x6c5ebd]
C  [ucrtbase.dll+0x21bb2]
C  [KERNEL32.DLL+0x17344]
C  [ntdll.dll+0x526b1]


---------------  P R O C E S S  ---------------

Threads class SMR info:
_java_thread_list=0x000001d280019840, length=30, elements={
0x000001d2b661b490, 0x000001d2b661bef0, 0x000001d2b661db70, 0x000001d2b661f060,
0x000001d2b6629ae0, 0x000001d2b664a550, 0x000001d2b66507f0, 0x000001d2b66532a0,
0x000001d2b68348d0, 0x000001d2fc0673d0, 0x000001d2b6aab320, 0x000001d2fd23a310,
0x000001d2809db060, 0x000001d2fcbfeb50, 0x000001d2fcbff1e0, 0x000001d2fcbff870,
0x000001d2fcbfde30, 0x000001d280e3e250, 0x000001d280e37950, 0x000001d280e37fe0,
0x000001d280e3e8e0, 0x000001d280e39390, 0x000001d280e3a0b0, 0x000001d280e38670,
0x000001d280e39a20, 0x000001d280e3cea0, 0x000001d280e3a740, 0x000001d280e3b460,
0x000001d280e3add0, 0x000001d280e3baf0
}

Java Threads: ( => current thread )
  0x000001d2b661b490 JavaThread "Reference Handler"          daemon [_thread_blocked, id=10172, stack(0x000000ab63b00000,0x000000ab63c00000) (1024K)]
  0x000001d2b661bef0 JavaThread "Finalizer"                  daemon [_thread_blocked, id=11372, stack(0x000000ab63c00000,0x000000ab63d00000) (1024K)]
  0x000001d2b661db70 JavaThread "Signal Dispatcher"          daemon [_thread_blocked, id=2012, stack(0x000000ab63d00000,0x000000ab63e00000) (1024K)]
  0x000001d2b661f060 JavaThread "Attach Listener"            daemon [_thread_blocked, id=13604, stack(0x000000ab63e00000,0x000000ab63f00000) (1024K)]
  0x000001d2b6629ae0 JavaThread "Service Thread"             daemon [_thread_blocked, id=5268, stack(0x000000ab63f00000,0x000000ab64000000) (1024K)]
  0x000001d2b664a550 JavaThread "Monitor Deflation Thread"   daemon [_thread_blocked, id=14108, stack(0x000000ab64000000,0x000000ab64100000) (1024K)]
=>0x000001d2b66507f0 JavaThread "C2 CompilerThread0"         daemon [_thread_in_native, id=11628, stack(0x000000ab64100000,0x000000ab64200000) (1024K)]
  0x000001d2b66532a0 JavaThread "C1 CompilerThread0"         daemon [_thread_blocked, id=1488, stack(0x000000ab64200000,0x000000ab64300000) (1024K)]
  0x000001d2b68348d0 JavaThread "Common-Cleaner"             daemon [_thread_blocked, id=8940, stack(0x000000ab64300000,0x000000ab64400000) (1024K)]
  0x000001d2fc0673d0 JavaThread "Monitor Ctrl-Break"         daemon [_thread_in_native, id=11152, stack(0x000000ab64400000,0x000000ab64500000) (1024K)]
  0x000001d2b6aab320 JavaThread "Notification Thread"        daemon [_thread_blocked, id=12108, stack(0x000000ab64500000,0x000000ab64600000) (1024K)]
  0x000001d2fd23a310 JavaThread "mysql-cj-abandoned-connection-cleanup" daemon [_thread_blocked, id=1120, stack(0x000000ab65000000,0x000000ab65100000) (1024K)]
  0x000001d2809db060 JavaThread "HikariPool-1 housekeeper"   daemon [_thread_blocked, id=13204, stack(0x000000ab65200000,0x000000ab65300000) (1024K)]
  0x000001d2fcbfeb50 JavaThread "Catalina-utility-1"                [_thread_blocked, id=10756, stack(0x000000ab65400000,0x000000ab65500000) (1024K)]
  0x000001d2fcbff1e0 JavaThread "Catalina-utility-2"                [_thread_blocked, id=8036, stack(0x000000ab65500000,0x000000ab65600000) (1024K)]
  0x000001d2fcbff870 JavaThread "container-0"                       [_thread_blocked, id=13932, stack(0x000000ab65600000,0x000000ab65700000) (1024K)]
  0x000001d2fcbfde30 JavaThread "http-nio-8000-BlockPoller"  daemon [_thread_in_native, id=4768, stack(0x000000ab65700000,0x000000ab65800000) (1024K)]
  0x000001d280e3e250 JavaThread "http-nio-8000-exec-1"       daemon [_thread_blocked, id=5320, stack(0x000000ab65800000,0x000000ab65900000) (1024K)]
  0x000001d280e37950 JavaThread "http-nio-8000-exec-2"       daemon [_thread_blocked, id=13344, stack(0x000000ab65900000,0x000000ab65a00000) (1024K)]
  0x000001d280e37fe0 JavaThread "http-nio-8000-exec-3"       daemon [_thread_blocked, id=5448, stack(0x000000ab65a00000,0x000000ab65b00000) (1024K)]
  0x000001d280e3e8e0 JavaThread "http-nio-8000-exec-4"       daemon [_thread_blocked, id=10464, stack(0x000000ab65b00000,0x000000ab65c00000) (1024K)]
  0x000001d280e39390 JavaThread "http-nio-8000-exec-5"       daemon [_thread_blocked, id=13120, stack(0x000000ab65c00000,0x000000ab65d00000) (1024K)]
  0x000001d280e3a0b0 JavaThread "http-nio-8000-exec-6"       daemon [_thread_blocked, id=2560, stack(0x000000ab65d00000,0x000000ab65e00000) (1024K)]
  0x000001d280e38670 JavaThread "http-nio-8000-exec-7"       daemon [_thread_blocked, id=4640, stack(0x000000ab65e00000,0x000000ab65f00000) (1024K)]
  0x000001d280e39a20 JavaThread "http-nio-8000-exec-8"       daemon [_thread_blocked, id=2608, stack(0x000000ab65f00000,0x000000ab66000000) (1024K)]
  0x000001d280e3cea0 JavaThread "http-nio-8000-exec-9"       daemon [_thread_blocked, id=12248, stack(0x000000ab66000000,0x000000ab66100000) (1024K)]
  0x000001d280e3a740 JavaThread "http-nio-8000-exec-10"      daemon [_thread_blocked, id=8276, stack(0x000000ab66100000,0x000000ab66200000) (1024K)]
  0x000001d280e3b460 JavaThread "http-nio-8000-ClientPoller" daemon [_thread_in_native, id=1612, stack(0x000000ab66200000,0x000000ab66300000) (1024K)]
  0x000001d280e3add0 JavaThread "http-nio-8000-Acceptor"     daemon [_thread_in_native, id=5464, stack(0x000000ab66300000,0x000000ab66400000) (1024K)]
  0x000001d280e3baf0 JavaThread "DestroyJavaVM"                     [_thread_blocked, id=2848, stack(0x000000ab63300000,0x000000ab63400000) (1024K)]
Total: 30

Other Threads:
  0x000001d2b65f9c50 VMThread "VM Thread"                           [id=3840, stack(0x000000ab63a00000,0x000000ab63b00000) (1024K)]
  0x000001d2b65e42f0 WatcherThread "VM Periodic Task Thread"        [id=9136, stack(0x000000ab63900000,0x000000ab63a00000) (1024K)]
  0x000001d299bdc440 WorkerThread "GC Thread#0"                     [id=1412, stack(0x000000ab63400000,0x000000ab63500000) (1024K)]
  0x000001d2fc7fe1d0 WorkerThread "GC Thread#1"                     [id=296, stack(0x000000ab64700000,0x000000ab64800000) (1024K)]
  0x000001d2fc901b70 WorkerThread "GC Thread#2"                     [id=10880, stack(0x000000ab64800000,0x000000ab64900000) (1024K)]
  0x000001d2fc91b7f0 WorkerThread "GC Thread#3"                     [id=8560, stack(0x000000ab64900000,0x000000ab64a00000) (1024K)]
  0x000001d2fc91bb90 WorkerThread "GC Thread#4"                     [id=10468, stack(0x000000ab64a00000,0x000000ab64b00000) (1024K)]
  0x000001d2fc91df40 WorkerThread "GC Thread#5"                     [id=11928, stack(0x000000ab64b00000,0x000000ab64c00000) (1024K)]
  0x000001d2fc91e2e0 WorkerThread "GC Thread#6"                     [id=4912, stack(0x000000ab64c00000,0x000000ab64d00000) (1024K)]
  0x000001d2fc91eb00 WorkerThread "GC Thread#7"                     [id=2772, stack(0x000000ab64d00000,0x000000ab64e00000) (1024K)]
  0x000001d299bec9a0 ConcurrentGCThread "G1 Main Marker"            [id=992, stack(0x000000ab63500000,0x000000ab63600000) (1024K)]
  0x000001d299bed3b0 WorkerThread "G1 Conc#0"                       [id=12340, stack(0x000000ab63600000,0x000000ab63700000) (1024K)]
  0x000001d2fcf5a640 WorkerThread "G1 Conc#1"                       [id=13856, stack(0x000000ab64f00000,0x000000ab65000000) (1024K)]
  0x000001d2b64b30d0 ConcurrentGCThread "G1 Refine#0"               [id=6288, stack(0x000000ab63700000,0x000000ab63800000) (1024K)]
  0x000001d2b64b4a00 ConcurrentGCThread "G1 Service"                [id=11772, stack(0x000000ab63800000,0x000000ab63900000) (1024K)]
Total: 15

Threads with active compile tasks:
C2 CompilerThread0  13390216 13214   !   4       com.mysql.cj.jdbc.ConnectionImpl::prepareStatement (457 bytes)
Total: 1

VM state: not at safepoint (normal execution)

VM Mutex/Monitor currently owned by a thread: None

Heap address: 0x0000000085a00000, size: 1958 MB, Compressed Oops mode: 32-bit

CDS archive(s) mapped at: [0x000001d2b7000000-0x000001d2b7c90000-0x000001d2b7c90000), size 13172736, SharedBaseAddress: 0x000001d2b7000000, ArchiveRelocationMode: 1.
Compressed class space mapped at: 0x000001d2b8000000-0x000001d2f8000000, reserved size: 1073741824
Narrow klass base: 0x000001d2b7000000, Narrow klass shift: 0, Narrow klass range: 0x100000000

GC Precious Log:
 CardTable entry size: 512
 Card Set container configuration: InlinePtr #cards 5 size 8 Array Of Cards #cards 12 size 40 Howl #buckets 4 coarsen threshold 1843 Howl Bitmap #cards 512 size 80 coarsen threshold 460 Card regions per heap region 1 cards per card region 2048
 CPUs: 8 total, 8 available
 Memory: 7825M
 Large Page Support: Disabled
 NUMA Support: Disabled
 Compressed Oops: Enabled (32-bit)
 Heap Region Size: 1M
 Heap Min Capacity: 8M
 Heap Initial Capacity: 124M
 Heap Max Capacity: 1958M
 Pre-touch: Disabled
 Parallel Workers: 8
 Concurrent Workers: 2
 Concurrent Refinement Workers: 8
 Periodic GC: Disabled

Heap:
 garbage-first heap   total 70656K, used 39547K [0x0000000085a00000, 0x0000000100000000)
  region size 1024K, 12 young (12288K), 2 survivors (2048K)
 Metaspace       used 70464K, committed 70976K, reserved 1114112K
  class space    used 8754K, committed 9024K, reserved 1048576K

Heap Regions: E=young(eden), S=young(survivor), O=old, HS=humongous(starts), HC=humongous(continues), CS=collection set, F=free, TAMS=top-at-mark-start, PB=parsable bottom
|   0|0x0000000085a00000, 0x0000000085b00000, 0x0000000085b00000|100%|HS|  |TAMS 0x0000000085a00000| PB 0x0000000085a00000| Complete 
|   1|0x0000000085b00000, 0x0000000085c00000, 0x0000000085c00000|100%| O|  |TAMS 0x0000000085b00000| PB 0x0000000085b00000| Untracked 
|   2|0x0000000085c00000, 0x0000000085d00000, 0x0000000085d00000|100%| O|  |TAMS 0x0000000085c00000| PB 0x0000000085c00000| Untracked 
|   3|0x0000000085d00000, 0x0000000085e00000, 0x0000000085e00000|100%| O|  |TAMS 0x0000000085d00000| PB 0x0000000085d00000| Untracked 
|   4|0x0000000085e00000, 0x0000000085f00000, 0x0000000085f00000|100%| O|  |TAMS 0x0000000085e00000| PB 0x0000000085e00000| Untracked 
|   5|0x0000000085f00000, 0x0000000086000000, 0x0000000086000000|100%| O|  |TAMS 0x0000000085f00000| PB 0x0000000085f00000| Untracked 
|   6|0x0000000086000000, 0x0000000086100000, 0x0000000086100000|100%| O|  |TAMS 0x0000000086000000| PB 0x0000000086000000| Untracked 
|   7|0x0000000086100000, 0x0000000086200000, 0x0000000086200000|100%| O|  |TAMS 0x0000000086100000| PB 0x0000000086100000| Untracked 
|   8|0x0000000086200000, 0x0000000086300000, 0x0000000086300000|100%| O|  |TAMS 0x0000000086200000| PB 0x0000000086200000| Untracked 
|   9|0x0000000086300000, 0x0000000086400000, 0x0000000086400000|100%| O|  |TAMS 0x0000000086300000| PB 0x0000000086300000| Untracked 
|  10|0x0000000086400000, 0x0000000086500000, 0x0000000086500000|100%| O|  |TAMS 0x0000000086400000| PB 0x0000000086400000| Untracked 
|  11|0x0000000086500000, 0x0000000086500000, 0x0000000086600000|  0%| F|  |TAMS 0x0000000086500000| PB 0x0000000086500000| Untracked 
|  12|0x0000000086600000, 0x0000000086700000, 0x0000000086700000|100%| O|  |TAMS 0x0000000086600000| PB 0x0000000086600000| Untracked 
|  13|0x0000000086700000, 0x0000000086800000, 0x0000000086800000|100%| O|  |TAMS 0x0000000086700000| PB 0x0000000086700000| Untracked 
|  14|0x0000000086800000, 0x0000000086900000, 0x0000000086900000|100%| O|Cm|TAMS 0x0000000086800000| PB 0x0000000086800000| Complete 
|  15|0x0000000086900000, 0x0000000086900000, 0x0000000086a00000|  0%| F|  |TAMS 0x0000000086900000| PB 0x0000000086900000| Untracked 
|  16|0x0000000086a00000, 0x0000000086b00000, 0x0000000086b00000|100%| O|  |TAMS 0x0000000086a00000| PB 0x0000000086a00000| Untracked 
|  17|0x0000000086b00000, 0x0000000086b00000, 0x0000000086c00000|  0%| F|  |TAMS 0x0000000086b00000| PB 0x0000000086b00000| Untracked 
|  18|0x0000000086c00000, 0x0000000086d00000, 0x0000000086d00000|100%| O|  |TAMS 0x0000000086c00000| PB 0x0000000086c00000| Untracked 
|  19|0x0000000086d00000, 0x0000000086e00000, 0x0000000086e00000|100%| O|  |TAMS 0x0000000086d00000| PB 0x0000000086d00000| Untracked 
|  20|0x0000000086e00000, 0x0000000086f00000, 0x0000000086f00000|100%| O|  |TAMS 0x0000000086e00000| PB 0x0000000086e00000| Untracked 
|  21|0x0000000086f00000, 0x0000000087000000, 0x0000000087000000|100%| O|  |TAMS 0x0000000086f00000| PB 0x0000000086f00000| Untracked 
|  22|0x0000000087000000, 0x0000000087056680, 0x0000000087100000| 33%| O|  |TAMS 0x0000000087000000| PB 0x0000000087000000| Untracked 
|  23|0x0000000087100000, 0x0000000087100000, 0x0000000087200000|  0%| F|  |TAMS 0x0000000087100000| PB 0x0000000087100000| Untracked 
|  24|0x0000000087200000, 0x0000000087300000, 0x0000000087300000|100%| O|Cm|TAMS 0x0000000087200000| PB 0x0000000087200000| Complete 
|  25|0x0000000087300000, 0x0000000087300000, 0x0000000087400000|  0%| F|  |TAMS 0x0000000087300000| PB 0x0000000087300000| Untracked 
|  26|0x0000000087400000, 0x0000000087500000, 0x0000000087500000|100%| O|  |TAMS 0x0000000087400000| PB 0x0000000087400000| Untracked 
|  27|0x0000000087500000, 0x0000000087600000, 0x0000000087600000|100%| O|  |TAMS 0x0000000087500000| PB 0x0000000087500000| Untracked 
|  28|0x0000000087600000, 0x0000000087700000, 0x0000000087700000|100%| O|  |TAMS 0x0000000087600000| PB 0x0000000087600000| Untracked 
|  29|0x0000000087700000, 0x0000000087800000, 0x0000000087800000|100%| O|  |TAMS 0x0000000087700000| PB 0x0000000087700000| Untracked 
|  30|0x0000000087800000, 0x0000000087800000, 0x0000000087900000|  0%| F|  |TAMS 0x0000000087800000| PB 0x0000000087800000| Untracked 
|  31|0x0000000087900000, 0x0000000087948748, 0x0000000087a00000| 28%| S|CS|TAMS 0x0000000087900000| PB 0x0000000087900000| Complete 
|  32|0x0000000087a00000, 0x0000000087b00000, 0x0000000087b00000|100%| S|CS|TAMS 0x0000000087a00000| PB 0x0000000087a00000| Complete 
|  33|0x0000000087b00000, 0x0000000087c00000, 0x0000000087c00000|100%| O|  |TAMS 0x0000000087b00000| PB 0x0000000087b00000| Untracked 
|  34|0x0000000087c00000, 0x0000000087d00000, 0x0000000087d00000|100%| O|  |TAMS 0x0000000087c00000| PB 0x0000000087c00000| Untracked 
|  35|0x0000000087d00000, 0x0000000087d00000, 0x0000000087e00000|  0%| F|  |TAMS 0x0000000087d00000| PB 0x0000000087d00000| Untracked 
|  36|0x0000000087e00000, 0x0000000087e00000, 0x0000000087f00000|  0%| F|  |TAMS 0x0000000087e00000| PB 0x0000000087e00000| Untracked 
|  37|0x0000000087f00000, 0x0000000088000000, 0x0000000088000000|100%| O|  |TAMS 0x0000000087f00000| PB 0x0000000087f00000| Untracked 
|  38|0x0000000088000000, 0x0000000088100000, 0x0000000088100000|100%| O|  |TAMS 0x0000000088000000| PB 0x0000000088000000| Untracked 
|  39|0x0000000088100000, 0x0000000088100000, 0x0000000088200000|  0%| F|  |TAMS 0x0000000088100000| PB 0x0000000088100000| Untracked 
|  40|0x0000000088200000, 0x0000000088200000, 0x0000000088300000|  0%| F|  |TAMS 0x0000000088200000| PB 0x0000000088200000| Untracked 
|  41|0x0000000088300000, 0x0000000088300000, 0x0000000088400000|  0%| F|  |TAMS 0x0000000088300000| PB 0x0000000088300000| Untracked 
|  42|0x0000000088400000, 0x0000000088400000, 0x0000000088500000|  0%| F|  |TAMS 0x0000000088400000| PB 0x0000000088400000| Untracked 
|  43|0x0000000088500000, 0x0000000088500000, 0x0000000088600000|  0%| F|  |TAMS 0x0000000088500000| PB 0x0000000088500000| Untracked 
|  44|0x0000000088600000, 0x0000000088600000, 0x0000000088700000|  0%| F|  |TAMS 0x0000000088600000| PB 0x0000000088600000| Untracked 
|  45|0x0000000088700000, 0x0000000088700000, 0x0000000088800000|  0%| F|  |TAMS 0x0000000088700000| PB 0x0000000088700000| Untracked 
|  46|0x0000000088800000, 0x0000000088800000, 0x0000000088900000|  0%| F|  |TAMS 0x0000000088800000| PB 0x0000000088800000| Untracked 
|  47|0x0000000088900000, 0x0000000088900000, 0x0000000088a00000|  0%| F|  |TAMS 0x0000000088900000| PB 0x0000000088900000| Untracked 
|  48|0x0000000088a00000, 0x0000000088a00000, 0x0000000088b00000|  0%| F|  |TAMS 0x0000000088a00000| PB 0x0000000088a00000| Untracked 
|  49|0x0000000088b00000, 0x0000000088b00000, 0x0000000088c00000|  0%| F|  |TAMS 0x0000000088b00000| PB 0x0000000088b00000| Untracked 
|  50|0x0000000088c00000, 0x0000000088c00000, 0x0000000088d00000|  0%| F|  |TAMS 0x0000000088c00000| PB 0x0000000088c00000| Untracked 
|  51|0x0000000088d00000, 0x0000000088d00000, 0x0000000088e00000|  0%| F|  |TAMS 0x0000000088d00000| PB 0x0000000088d00000| Untracked 
|  52|0x0000000088e00000, 0x0000000088e00000, 0x0000000088f00000|  0%| F|  |TAMS 0x0000000088e00000| PB 0x0000000088e00000| Untracked 
|  53|0x0000000088f00000, 0x0000000088f00000, 0x0000000089000000|  0%| F|  |TAMS 0x0000000088f00000| PB 0x0000000088f00000| Untracked 
|  54|0x0000000089000000, 0x0000000089000000, 0x0000000089100000|  0%| F|  |TAMS 0x0000000089000000| PB 0x0000000089000000| Untracked 
|  55|0x0000000089100000, 0x0000000089100000, 0x0000000089200000|  0%| F|  |TAMS 0x0000000089100000| PB 0x0000000089100000| Untracked 
|  56|0x0000000089200000, 0x0000000089200000, 0x0000000089300000|  0%| F|  |TAMS 0x0000000089200000| PB 0x0000000089200000| Untracked 
|  57|0x0000000089300000, 0x0000000089300000, 0x0000000089400000|  0%| F|  |TAMS 0x0000000089300000| PB 0x0000000089300000| Untracked 
|  58|0x0000000089400000, 0x0000000089400000, 0x0000000089500000|  0%| F|  |TAMS 0x0000000089400000| PB 0x0000000089400000| Untracked 
|  59|0x0000000089500000, 0x00000000895aec60, 0x0000000089600000| 68%| E|  |TAMS 0x0000000089500000| PB 0x0000000089500000| Complete 
|  60|0x0000000089600000, 0x0000000089700000, 0x0000000089700000|100%| E|CS|TAMS 0x0000000089600000| PB 0x0000000089600000| Complete 
|  61|0x0000000089700000, 0x0000000089800000, 0x0000000089800000|100%| E|CS|TAMS 0x0000000089700000| PB 0x0000000089700000| Complete 
|  62|0x0000000089800000, 0x0000000089900000, 0x0000000089900000|100%| E|CS|TAMS 0x0000000089800000| PB 0x0000000089800000| Complete 
|  74|0x000000008a400000, 0x000000008a500000, 0x000000008a500000|100%| E|CS|TAMS 0x000000008a400000| PB 0x000000008a400000| Complete 
|  75|0x000000008a500000, 0x000000008a600000, 0x000000008a600000|100%| E|CS|TAMS 0x000000008a500000| PB 0x000000008a500000| Complete 
|  76|0x000000008a600000, 0x000000008a700000, 0x000000008a700000|100%| E|CS|TAMS 0x000000008a600000| PB 0x000000008a600000| Complete 
|  77|0x000000008a700000, 0x000000008a800000, 0x000000008a800000|100%| E|CS|TAMS 0x000000008a700000| PB 0x000000008a700000| Complete 
|  78|0x000000008a800000, 0x000000008a900000, 0x000000008a900000|100%| E|CS|TAMS 0x000000008a800000| PB 0x000000008a800000| Complete 
| 123|0x000000008d500000, 0x000000008d600000, 0x000000008d600000|100%| E|CS|TAMS 0x000000008d500000| PB 0x000000008d500000| Complete 

Card table byte_map: [0x000001d2b1970000,0x000001d2b1d50000] _byte_map_base: 0x000001d2b1543000

Marking Bits: (CMBitMap*) 0x000001d299bdca50
 Bits: [0x000001d2b1d50000, 0x000001d2b3be8000)

Polling page: 0x000001d297a90000

Metaspace:

Usage:
  Non-class:     60.26 MB used.
      Class:      8.55 MB used.
       Both:     68.81 MB used.

Virtual space:
  Non-class space:       64.00 MB reserved,      60.50 MB ( 95%) committed,  1 nodes.
      Class space:        1.00 GB reserved,       8.81 MB ( <1%) committed,  1 nodes.
             Both:        1.06 GB reserved,      69.31 MB (  6%) committed. 

Chunk freelists:
   Non-Class:  3.05 MB
       Class:  7.16 MB
        Both:  10.21 MB

MaxMetaspaceSize: unlimited
CompressedClassSpaceSize: 1.00 GB
Initial GC threshold: 21.00 MB
Current GC threshold: 115.31 MB
CDS: on
 - commit_granule_bytes: 65536.
 - commit_granule_words: 8192.
 - virtual_space_node_default_size: 8388608.
 - enlarge_chunks_in_place: 1.
 - use_allocation_guard: 0.


Internal statistics:

num_allocs_failed_limit: 9.
num_arena_births: 854.
num_arena_deaths: 206.
num_vsnodes_births: 2.
num_vsnodes_deaths: 0.
num_space_committed: 1109.
num_space_uncommitted: 0.
num_chunks_returned_to_freelist: 229.
num_chunks_taken_from_freelist: 3453.
num_chunk_merges: 54.
num_chunk_splits: 2416.
num_chunks_enlarged: 1950.
num_inconsistent_stats: 0.

CodeHeap 'non-profiled nmethods': size=120000Kb used=8055Kb max_used=8055Kb free=111944Kb
 bounds [0x000001d2a9d20000, 0x000001d2aa510000, 0x000001d2b1250000]
CodeHeap 'profiled nmethods': size=120000Kb used=19460Kb max_used=24371Kb free=100539Kb
 bounds [0x000001d2a2250000, 0x000001d2a3a20000, 0x000001d2a9780000]
CodeHeap 'non-nmethods': size=5760Kb used=1653Kb max_used=1743Kb free=4106Kb
 bounds [0x000001d2a9780000, 0x000001d2a99f0000, 0x000001d2a9d20000]
 total_blobs=9828 nmethods=9139 adapters=591
 compilation: enabled
              stopped_count=0, restarted_count=0
 full_count=0

Compilation events (20 events):
Event: 13389.784 Thread 0x000001d2b66507f0 nmethod 13204 0x000001d2aa273e10 code [0x000001d2aa273fc0, 0x000001d2aa274498]
Event: 13389.797 Thread 0x000001d2b66507f0 13205   !   4       com.mysql.cj.jdbc.StatementImpl::setResultSetConcurrency (60 bytes)
Event: 13389.804 Thread 0x000001d2b66507f0 nmethod 13205 0x000001d2a9dcb710 code [0x000001d2a9dcb8e0, 0x000001d2a9dcbe50]
Event: 13389.804 Thread 0x000001d2b66507f0 13206       4       com.mysql.cj.jdbc.StatementImpl::setupStreamingTimeout (63 bytes)
Event: 13389.811 Thread 0x000001d2b66507f0 nmethod 13206 0x000001d2aa31a790 code [0x000001d2aa31a9a0, 0x000001d2aa31aea8]
Event: 13389.817 Thread 0x000001d2b66507f0 13207   !   4       com.mysql.cj.jdbc.StatementImpl::close (17 bytes)
Event: 13389.819 Thread 0x000001d2b66507f0 nmethod 13207 0x000001d2aa2c5410 code [0x000001d2aa2c55a0, 0x000001d2aa2c56d0]
Event: 13389.819 Thread 0x000001d2b66507f0 13208       4       com.mysql.cj.jdbc.StatementImpl::checkForDml (143 bytes)
Event: 13389.820 Thread 0x000001d2b66507f0 nmethod 13208 0x000001d2aa372410 code [0x000001d2aa3725a0, 0x000001d2aa372758]
Event: 13389.829 Thread 0x000001d2b66507f0 13209       4       org.apache.coyote.http11.filters.ChunkedOutputFilter::recycle (6 bytes)
Event: 13389.830 Thread 0x000001d2b66507f0 nmethod 13209 0x000001d2a9dcb410 code [0x000001d2a9dcb5a0, 0x000001d2a9dcb680]
Event: 13389.847 Thread 0x000001d2b66507f0 13210       4       com.mysql.cj.AbstractQuery::statementBegins (14 bytes)
Event: 13389.848 Thread 0x000001d2b66507f0 nmethod 13210 0x000001d2a9feb610 code [0x000001d2a9feb7a0, 0x000001d2a9feb858]
Event: 13389.881 Thread 0x000001d2b66507f0 13211   !   4       org.apache.coyote.AbstractProcessor::parseHost (389 bytes)
Event: 13389.927 Thread 0x000001d2b66507f0 nmethod 13211 0x000001d2aa506090 code [0x000001d2aa506320, 0x000001d2aa5076c8]
Event: 13389.928 Thread 0x000001d2b66507f0 13212       4       org.springframework.web.servlet.handler.AbstractHandlerMapping$CorsInterceptor::getCorsConfiguration (5 bytes)
Event: 13389.928 Thread 0x000001d2b66507f0 nmethod 13212 0x000001d2a9febc10 code [0x000001d2a9febda0, 0x000001d2a9febe30]
Event: 13389.936 Thread 0x000001d2b66507f0 13213       4       org.hibernate.engine.internal.SessionEventListenerManagerImpl::jdbcExecuteStatementEnd (42 bytes)
Event: 13389.937 Thread 0x000001d2b66507f0 nmethod 13213 0x000001d2a9fec810 code [0x000001d2a9fec9a0, 0x000001d2a9feca68]
Event: 13389.972 Thread 0x000001d2b66507f0 13214   !   4       com.mysql.cj.jdbc.ConnectionImpl::prepareStatement (457 bytes)

GC Heap History (20 events):
Event: 8311.304 GC heap before
{Heap before GC invocations=20 (full 0):
 garbage-first heap   total 70656K, used 64127K [0x0000000085a00000, 0x0000000100000000)
  region size 1024K, 32 young (32768K), 2 survivors (2048K)
 Metaspace       used 69371K, committed 69952K, reserved 1114112K
  class space    used 8720K, committed 9024K, reserved 1048576K
}
Event: 8311.320 GC heap after
{Heap after GC invocations=21 (full 0):
 garbage-first heap   total 70656K, used 33931K [0x0000000085a00000, 0x0000000100000000)
  region size 1024K, 3 young (3072K), 3 survivors (3072K)
 Metaspace       used 69371K, committed 69952K, reserved 1114112K
  class space    used 8720K, committed 9024K, reserved 1048576K
}
Event: 9406.962 GC heap before
{Heap before GC invocations=21 (full 0):
 garbage-first heap   total 70656K, used 62603K [0x0000000085a00000, 0x0000000100000000)
  region size 1024K, 31 young (31744K), 3 survivors (3072K)
 Metaspace       used 69731K, committed 70272K, reserved 1114112K
  class space    used 8726K, committed 9024K, reserved 1048576K
}
Event: 9407.029 GC heap after
{Heap after GC invocations=22 (full 0):
 garbage-first heap   total 70656K, used 31489K [0x0000000085a00000, 0x0000000100000000)
  region size 1024K, 2 young (2048K), 2 survivors (2048K)
 Metaspace       used 69731K, committed 70272K, reserved 1114112K
  class space    used 8726K, committed 9024K, reserved 1048576K
}
Event: 10109.057 GC heap before
{Heap before GC invocations=22 (full 0):
 garbage-first heap   total 70656K, used 62209K [0x0000000085a00000, 0x0000000100000000)
  region size 1024K, 33 young (33792K), 2 survivors (2048K)
 Metaspace       used 69962K, committed 70464K, reserved 1114112K
  class space    used 8744K, committed 9024K, reserved 1048576K
}
Event: 10109.114 GC heap after
{Heap after GC invocations=23 (full 0):
 garbage-first heap   total 70656K, used 31759K [0x0000000085a00000, 0x0000000100000000)
  region size 1024K, 2 young (2048K), 2 survivors (2048K)
 Metaspace       used 69962K, committed 70464K, reserved 1114112K
  class space    used 8744K, committed 9024K, reserved 1048576K
}
Event: 11060.635 GC heap before
{Heap before GC invocations=24 (full 0):
 garbage-first heap   total 70656K, used 63503K [0x0000000085a00000, 0x0000000100000000)
  region size 1024K, 33 young (33792K), 2 survivors (2048K)
 Metaspace       used 70162K, committed 70720K, reserved 1114112K
  class space    used 8746K, committed 9024K, reserved 1048576K
}
Event: 11060.675 GC heap after
{Heap after GC invocations=25 (full 0):
 garbage-first heap   total 70656K, used 31453K [0x0000000085a00000, 0x0000000100000000)
  region size 1024K, 2 young (2048K), 2 survivors (2048K)
 Metaspace       used 70162K, committed 70720K, reserved 1114112K
  class space    used 8746K, committed 9024K, reserved 1048576K
}
Event: 11749.420 GC heap before
{Heap before GC invocations=25 (full 0):
 garbage-first heap   total 70656K, used 63197K [0x0000000085a00000, 0x0000000100000000)
  region size 1024K, 33 young (33792K), 2 survivors (2048K)
 Metaspace       used 70259K, committed 70784K, reserved 1114112K
  class space    used 8752K, committed 9024K, reserved 1048576K
}
Event: 11749.470 GC heap after
{Heap after GC invocations=26 (full 0):
 garbage-first heap   total 70656K, used 30976K [0x0000000085a00000, 0x0000000100000000)
  region size 1024K, 2 young (2048K), 2 survivors (2048K)
 Metaspace       used 70259K, committed 70784K, reserved 1114112K
  class space    used 8752K, committed 9024K, reserved 1048576K
}
Event: 12100.898 GC heap before
{Heap before GC invocations=26 (full 0):
 garbage-first heap   total 70656K, used 63744K [0x0000000085a00000, 0x0000000100000000)
  region size 1024K, 34 young (34816K), 2 survivors (2048K)
 Metaspace       used 70319K, committed 70848K, reserved 1114112K
  class space    used 8752K, committed 9024K, reserved 1048576K
}
Event: 12100.918 GC heap after
{Heap after GC invocations=27 (full 0):
 garbage-first heap   total 70656K, used 30836K [0x0000000085a00000, 0x0000000100000000)
  region size 1024K, 2 young (2048K), 2 survivors (2048K)
 Metaspace       used 70319K, committed 70848K, reserved 1114112K
  class space    used 8752K, committed 9024K, reserved 1048576K
}
Event: 12701.963 GC heap before
{Heap before GC invocations=28 (full 0):
 garbage-first heap   total 70656K, used 63604K [0x0000000085a00000, 0x0000000100000000)
  region size 1024K, 34 young (34816K), 2 survivors (2048K)
 Metaspace       used 70337K, committed 70848K, reserved 1114112K
  class space    used 8752K, committed 9024K, reserved 1048576K
}
Event: 12702.029 GC heap after
{Heap after GC invocations=29 (full 0):
 garbage-first heap   total 70656K, used 30916K [0x0000000085a00000, 0x0000000100000000)
  region size 1024K, 2 young (2048K), 2 survivors (2048K)
 Metaspace       used 70337K, committed 70848K, reserved 1114112K
  class space    used 8752K, committed 9024K, reserved 1048576K
}
Event: 13380.199 GC heap before
{Heap before GC invocations=29 (full 0):
 garbage-first heap   total 70656K, used 63684K [0x0000000085a00000, 0x0000000100000000)
  region size 1024K, 34 young (34816K), 2 survivors (2048K)
 Metaspace       used 70383K, committed 70848K, reserved 1114112K
  class space    used 8753K, committed 9024K, reserved 1048576K
}
Event: 13380.251 GC heap after
{Heap after GC invocations=30 (full 0):
 garbage-first heap   total 70656K, used 30565K [0x0000000085a00000, 0x0000000100000000)
  region size 1024K, 2 young (2048K), 2 survivors (2048K)
 Metaspace       used 70383K, committed 70848K, reserved 1114112K
  class space    used 8753K, committed 9024K, reserved 1048576K
}
Event: 13385.471 GC heap before
{Heap before GC invocations=30 (full 0):
 garbage-first heap   total 70656K, used 63333K [0x0000000085a00000, 0x0000000100000000)
  region size 1024K, 34 young (34816K), 2 survivors (2048K)
 Metaspace       used 70416K, committed 70912K, reserved 1114112K
  class space    used 8753K, committed 9024K, reserved 1048576K
}
Event: 13385.479 GC heap after
{Heap after GC invocations=31 (full 0):
 garbage-first heap   total 70656K, used 30348K [0x0000000085a00000, 0x0000000100000000)
  region size 1024K, 2 young (2048K), 2 survivors (2048K)
 Metaspace       used 70416K, committed 70912K, reserved 1114112K
  class space    used 8753K, committed 9024K, reserved 1048576K
}
Event: 13389.149 GC heap before
{Heap before GC invocations=32 (full 0):
 garbage-first heap   total 70656K, used 63116K [0x0000000085a00000, 0x0000000100000000)
  region size 1024K, 34 young (34816K), 2 survivors (2048K)
 Metaspace       used 70463K, committed 70976K, reserved 1114112K
  class space    used 8753K, committed 9024K, reserved 1048576K
}
Event: 13389.157 GC heap after
{Heap after GC invocations=33 (full 0):
 garbage-first heap   total 70656K, used 30331K [0x0000000085a00000, 0x0000000100000000)
  region size 1024K, 2 young (2048K), 2 survivors (2048K)
 Metaspace       used 70463K, committed 70976K, reserved 1114112K
  class space    used 8753K, committed 9024K, reserved 1048576K
}

Dll operation events (14 events):
Event: 0.009 Loaded shared library C:\Program Files\Eclipse Adoptium\jdk-21.0.1.12-hotspot\bin\java.dll
Event: 0.050 Loaded shared library C:\Program Files\Eclipse Adoptium\jdk-21.0.1.12-hotspot\bin\jsvml.dll
Event: 0.131 Loaded shared library C:\Program Files\Eclipse Adoptium\jdk-21.0.1.12-hotspot\bin\zip.dll
Event: 0.134 Loaded shared library C:\Program Files\Eclipse Adoptium\jdk-21.0.1.12-hotspot\bin\instrument.dll
Event: 0.138 Loaded shared library C:\Program Files\Eclipse Adoptium\jdk-21.0.1.12-hotspot\bin\net.dll
Event: 0.139 Loaded shared library C:\Program Files\Eclipse Adoptium\jdk-21.0.1.12-hotspot\bin\nio.dll
Event: 0.142 Loaded shared library C:\Program Files\Eclipse Adoptium\jdk-21.0.1.12-hotspot\bin\zip.dll
Event: 0.216 Loaded shared library D:\1-app\IntelliJ IDEA Community Edition 2023.2.5\bin\breakgen64.dll
Event: 0.226 Loaded shared library C:\Program Files\Eclipse Adoptium\jdk-21.0.1.12-hotspot\bin\extnet.dll
Event: 0.240 Loaded shared library C:\Program Files\Eclipse Adoptium\jdk-21.0.1.12-hotspot\bin\verify.dll
Event: 0.244 Loaded shared library C:\Program Files\Eclipse Adoptium\jdk-21.0.1.12-hotspot\bin\jimage.dll
Event: 0.773 Loaded shared library C:\Program Files\Eclipse Adoptium\jdk-21.0.1.12-hotspot\bin\management.dll
Event: 0.774 Loaded shared library C:\Program Files\Eclipse Adoptium\jdk-21.0.1.12-hotspot\bin\management_ext.dll
Event: 3.500 Loaded shared library C:\Program Files\Eclipse Adoptium\jdk-21.0.1.12-hotspot\bin\sunmscapi.dll

Deoptimization events (20 events):
Event: 13382.708 Thread 0x000001d280e3e8e0 Uncommon trap: trap_request=0xffffffd6 fr.pc=0x000001d2a9f83014 relative=0x0000000000005774
Event: 13382.709 Thread 0x000001d280e3e8e0 Uncommon trap: reason=array_check action=maybe_recompile pc=0x000001d2a9f83014 method=org.apache.coyote.http11.Http11OutputBuffer.addActiveFilter(Lorg/apache/coyote/http11/OutputFilter;)V @ 79 c2
Event: 13382.709 Thread 0x000001d280e3e8e0 DEOPT PACKING pc=0x000001d2a9f83014 sp=0x000000ab65bfaed0
Event: 13382.710 Thread 0x000001d280e3e8e0 DEOPT UNPACKING pc=0x000001d2a97d46a2 sp=0x000000ab65bfae20 mode 2
Event: 13382.727 Thread 0x000001d280e37950 Uncommon trap: trap_request=0xffffffd6 fr.pc=0x000001d2a9f83014 relative=0x0000000000005774
Event: 13382.727 Thread 0x000001d280e37950 Uncommon trap: reason=array_check action=maybe_recompile pc=0x000001d2a9f83014 method=org.apache.coyote.http11.Http11OutputBuffer.addActiveFilter(Lorg/apache/coyote/http11/OutputFilter;)V @ 79 c2
Event: 13382.727 Thread 0x000001d280e37950 DEOPT PACKING pc=0x000001d2a9f83014 sp=0x000000ab659faf20
Event: 13382.727 Thread 0x000001d280e37950 DEOPT UNPACKING pc=0x000001d2a97d46a2 sp=0x000000ab659fae70 mode 2
Event: 13382.842 Thread 0x000001d280e38670 Uncommon trap: trap_request=0xffffffd6 fr.pc=0x000001d2a9f83014 relative=0x0000000000005774
Event: 13382.842 Thread 0x000001d280e38670 Uncommon trap: reason=array_check action=maybe_recompile pc=0x000001d2a9f83014 method=org.apache.coyote.http11.Http11OutputBuffer.addActiveFilter(Lorg/apache/coyote/http11/OutputFilter;)V @ 79 c2
Event: 13382.842 Thread 0x000001d280e38670 DEOPT PACKING pc=0x000001d2a9f83014 sp=0x000000ab65efb2d0
Event: 13382.842 Thread 0x000001d280e38670 DEOPT UNPACKING pc=0x000001d2a97d46a2 sp=0x000000ab65efb220 mode 2
Event: 13382.853 Thread 0x000001d280e39a20 Uncommon trap: trap_request=0xffffffd6 fr.pc=0x000001d2a9f83014 relative=0x0000000000005774
Event: 13382.853 Thread 0x000001d280e39a20 Uncommon trap: reason=array_check action=maybe_recompile pc=0x000001d2a9f83014 method=org.apache.coyote.http11.Http11OutputBuffer.addActiveFilter(Lorg/apache/coyote/http11/OutputFilter;)V @ 79 c2
Event: 13382.853 Thread 0x000001d280e39a20 DEOPT PACKING pc=0x000001d2a9f83014 sp=0x000000ab65ffade0
Event: 13382.853 Thread 0x000001d280e39a20 DEOPT UNPACKING pc=0x000001d2a97d46a2 sp=0x000000ab65ffad30 mode 2
Event: 13384.994 Thread 0x000001d280e3e250 Uncommon trap: trap_request=0xffffff54 fr.pc=0x000001d2aa01b800 relative=0x00000000000002a0
Event: 13384.995 Thread 0x000001d280e3e250 Uncommon trap: reason=speculate_null_assert action=make_not_entrant pc=0x000001d2aa01b800 method=org.springframework.util.ClassUtils.isAssignable(Ljava/lang/Class;Ljava/lang/Class;)Z @ 67 c2
Event: 13384.995 Thread 0x000001d280e3e250 DEOPT PACKING pc=0x000001d2aa01b800 sp=0x000000ab658faab0
Event: 13384.995 Thread 0x000001d280e3e250 DEOPT UNPACKING pc=0x000001d2a97d46a2 sp=0x000000ab658faa48 mode 2

Classes loaded (20 events):
Event: 4437.230 Loading class javax/net/ssl/SSLSocket
Event: 4437.237 Loading class javax/net/ssl/SSLSocket done
Event: 4437.237 Loading class javax/crypto/NoSuchPaddingException
Event: 4437.238 Loading class javax/crypto/NoSuchPaddingException done
Event: 4437.239 Loading class javax/crypto/IllegalBlockSizeException
Event: 4437.240 Loading class javax/crypto/IllegalBlockSizeException done
Event: 4437.240 Loading class javax/crypto/BadPaddingException
Event: 4437.241 Loading class javax/crypto/BadPaddingException done
Event: 5603.959 Loading class jdk/internal/math/FormattedFPDecimal
Event: 5603.969 Loading class jdk/internal/math/FormattedFPDecimal done
Event: 5904.587 Loading class java/util/concurrent/ConcurrentLinkedQueue$Itr
Event: 5904.606 Loading class java/util/concurrent/ConcurrentLinkedQueue$Itr done
Event: 8022.225 Loading class sun/reflect/Reflection
Event: 8022.228 Loading class sun/reflect/Reflection done
Event: 8066.985 Loading class java/lang/ObjectCustomizer
Event: 8066.986 Loading class java/lang/ObjectCustomizer done
Event: 8066.990 Loading class java/lang/ObjectCustomizer
Event: 8066.990 Loading class java/lang/ObjectCustomizer done
Event: 12530.937 Loading class sun/util/locale/LocaleExtensions
Event: 12530.972 Loading class sun/util/locale/LocaleExtensions done

Classes unloaded (20 events):
Event: 7846.956 Thread 0x000001d2b65f9c50 Unloading class 0x000001d2b8260800 'java/lang/invoke/LambdaForm$DMH+0x000001d2b8260800'
Event: 7846.956 Thread 0x000001d2b65f9c50 Unloading class 0x000001d2b81c4000 'java/lang/invoke/LambdaForm$MH+0x000001d2b81c4000'
Event: 7846.957 Thread 0x000001d2b65f9c50 Unloading class 0x000001d2b8124c00 'java/lang/invoke/LambdaForm$DMH+0x000001d2b8124c00'
Event: 7846.958 Thread 0x000001d2b65f9c50 Unloading class 0x000001d2b810fc00 'java/lang/invoke/LambdaForm$MH+0x000001d2b810fc00'
Event: 7846.958 Thread 0x000001d2b65f9c50 Unloading class 0x000001d2b810f000 'java/lang/invoke/LambdaForm$MH+0x000001d2b810f000'
Event: 7846.958 Thread 0x000001d2b65f9c50 Unloading class 0x000001d2b810ec00 'java/lang/invoke/LambdaForm$MH+0x000001d2b810ec00'
Event: 7846.958 Thread 0x000001d2b65f9c50 Unloading class 0x000001d2b810e800 'java/lang/invoke/LambdaForm$MH+0x000001d2b810e800'
Event: 7846.958 Thread 0x000001d2b65f9c50 Unloading class 0x000001d2b810dc00 'java/lang/invoke/LambdaForm$MH+0x000001d2b810dc00'
Event: 7846.958 Thread 0x000001d2b65f9c50 Unloading class 0x000001d2b810cc00 'java/lang/invoke/LambdaForm$MH+0x000001d2b810cc00'
Event: 7846.958 Thread 0x000001d2b65f9c50 Unloading class 0x000001d2b80b0c00 'java/lang/invoke/LambdaForm$MH+0x000001d2b80b0c00'
Event: 7846.958 Thread 0x000001d2b65f9c50 Unloading class 0x000001d2b80b0800 'java/lang/invoke/LambdaForm$MH+0x000001d2b80b0800'
Event: 7846.958 Thread 0x000001d2b65f9c50 Unloading class 0x000001d2b803c000 'java/lang/invoke/LambdaForm$MH+0x000001d2b803c000'
Event: 7846.958 Thread 0x000001d2b65f9c50 Unloading class 0x000001d2b8010000 'java/lang/invoke/LambdaForm$MH+0x000001d2b8010000'
Event: 7846.958 Thread 0x000001d2b65f9c50 Unloading class 0x000001d2b8002400 'java/lang/invoke/LambdaForm$MH+0x000001d2b8002400'
Event: 7846.958 Thread 0x000001d2b65f9c50 Unloading class 0x000001d2b8002000 'java/lang/invoke/LambdaForm$MH+0x000001d2b8002000'
Event: 7846.958 Thread 0x000001d2b65f9c50 Unloading class 0x000001d2b8001c00 'java/lang/invoke/LambdaForm$MH+0x000001d2b8001c00'
Event: 7846.958 Thread 0x000001d2b65f9c50 Unloading class 0x000001d2b8001400 'java/lang/invoke/LambdaForm$MH+0x000001d2b8001400'
Event: 10109.255 Thread 0x000001d2b65f9c50 Unloading class 0x000001d2b88c8000 'java/lang/invoke/LambdaForm$MH+0x000001d2b88c8000'
Event: 10109.255 Thread 0x000001d2b65f9c50 Unloading class 0x000001d2b88b8c00 'java/lang/invoke/LambdaForm$MH+0x000001d2b88b8c00'
Event: 10109.255 Thread 0x000001d2b65f9c50 Unloading class 0x000001d2b8275800 'java/lang/invoke/LambdaForm$MH+0x000001d2b8275800'

Classes redefined (0 events):
No events

Internal exceptions (20 events):
Event: 8027.050 Thread 0x000001d280e38670 Implicit null exception at 0x000001d2a9f3cfe6 to 0x000001d2a9f3d4ac
Event: 8027.127 Thread 0x000001d280e38670 Implicit null exception at 0x000001d2a9f3b600 to 0x000001d2a9f3c24c
Event: 8027.128 Thread 0x000001d280e38670 Implicit null exception at 0x000001d2a9f1992b to 0x000001d2a9f1a1c4
Event: 8027.183 Thread 0x000001d280e3e8e0 Implicit null exception at 0x000001d2aa01b5c0 to 0x000001d2aa01b910
Event: 8066.967 Thread 0x000001d280e3a0b0 Exception <a 'java/lang/NoSuchMethodError'{0x00000000897c3620}: 'void java.lang.invoke.DirectMethodHandle$Holder.invokeVirtual(java.lang.Object, java.lang.Object, double)'> (0x00000000897c3620) 
thrown [s\src\hotspot\share\interpreter\linkResolver.cpp, line 773]
Event: 8066.968 Thread 0x000001d280e3a0b0 Exception <a 'java/lang/NoSuchMethodError'{0x00000000897ce1f0}: 'double java.lang.invoke.DelegatingMethodHandle$Holder.reinvoke_L(java.lang.Object, java.lang.Object, int)'> (0x00000000897ce1f0) 
thrown [s\src\hotspot\share\interpreter\linkResolver.cpp, line 773]
Event: 8066.970 Thread 0x000001d280e3a0b0 Exception <a 'java/lang/NoSuchMethodError'{0x00000000897d4c20}: 'void java.lang.invoke.DelegatingMethodHandle$Holder.reinvoke_L(java.lang.Object, java.lang.Object, double)'> (0x00000000897d4c20) 
thrown [s\src\hotspot\share\interpreter\linkResolver.cpp, line 773]
Event: 8066.974 Thread 0x000001d280e3a0b0 Exception <a 'java/lang/NoSuchMethodError'{0x00000000897e38d8}: 'void java.lang.invoke.DelegatingMethodHandle$Holder.reinvoke_L(java.lang.Object, java.lang.Object, int)'> (0x00000000897e38d8) 
thrown [s\src\hotspot\share\interpreter\linkResolver.cpp, line 773]
Event: 8066.976 Thread 0x000001d280e3a0b0 Exception <a 'java/lang/NoSuchMethodError'{0x00000000897f2d58}: 'java.lang.Object java.lang.invoke.DirectMethodHandle$Holder.invokeVirtual(java.lang.Object, java.lang.Object, java.lang.Object, int)'> (0x00000000897f2d58) 
thrown [s\src\hotspot\share\interpreter\linkResolver.cpp, line 773]
Event: 8066.990 Thread 0x000001d280e3a0b0 Exception <a 'java/lang/ClassNotFoundException'{0x000000008961bef8}: java/lang/ObjectCustomizer> (0x000000008961bef8) 
thrown [s\src\hotspot\share\classfile\systemDictionary.cpp, line 312]
Event: 8066.994 Thread 0x000001d280e3a0b0 Exception <a 'java/lang/ClassNotFoundException'{0x0000000089626370}: vn/tuanflutte/entities/ProductCustomizer> (0x0000000089626370) 
thrown [s\src\hotspot\share\classfile\systemDictionary.cpp, line 312]
Event: 8067.007 Thread 0x000001d280e3a0b0 Exception <a 'java/lang/NoSuchMethodError'{0x0000000089678d90}: 'java.lang.Object java.lang.invoke.DirectMethodHandle$Holder.newInvokeSpecial(java.lang.Object, java.lang.Object, java.lang.Object, int)'> (0x0000000089678d90) 
thrown [s\src\hotspot\share\interpreter\linkResolver.cpp, line 773]
Event: 8067.008 Thread 0x000001d280e3a0b0 Exception <a 'java/lang/NoSuchMethodError'{0x000000008967ceb0}: 'java.lang.Object java.lang.invoke.Invokers$Holder.linkToTargetMethod(java.lang.Object, java.lang.Object, int, java.lang.Object)'> (0x000000008967ceb0) 
thrown [s\src\hotspot\share\interpreter\linkResolver.cpp, line 773]
Event: 9732.490 Thread 0x000001d280e3e250 Exception <a 'java/lang/NoSuchMethodError'{0x0000000088f63798}: 'java.lang.Object java.lang.invoke.DirectMethodHandle$Holder.invokeVirtual(java.lang.Object, java.lang.Object, int, int)'> (0x0000000088f63798) 
thrown [s\src\hotspot\share\interpreter\linkResolver.cpp, line 773]
Event: 9732.504 Thread 0x000001d280e3e250 Exception <a 'java/lang/NoSuchMethodError'{0x0000000088f67b20}: 'java.lang.Object java.lang.invoke.DirectMethodHandle$Holder.invokeSpecial(java.lang.Object, java.lang.Object, java.lang.Object, int, int)'> (0x0000000088f67b20) 
thrown [s\src\hotspot\share\interpreter\linkResolver.cpp, line 773]
Event: 9732.547 Thread 0x000001d280e3e250 Implicit null exception at 0x000001d2aa067454 to 0x000001d2aa0689ec
Event: 12245.265 Thread 0x000001d280e3a0b0 Implicit null exception at 0x000001d2a9f73709 to 0x000001d2a9f73d04
Event: 12453.149 Thread 0x000001d280e38670 Implicit null exception at 0x000001d2a9fed512 to 0x000001d2a9fedb60
Event: 12453.162 Thread 0x000001d280e38670 Implicit null exception at 0x000001d2aa100880 to 0x000001d2aa102e44
Event: 12453.166 Thread 0x000001d280e38670 Implicit null exception at 0x000001d2aa0f9737 to 0x000001d2aa0fbeb4

ZGC Phase Switch (0 events):
No events

VM Operations (20 events):
Event: 13382.256 Executing VM operation: Cleanup
Event: 13382.256 Executing VM operation: Cleanup done
Event: 13384.278 Executing VM operation: Cleanup
Event: 13384.278 Executing VM operation: Cleanup done
Event: 13385.280 Executing VM operation: Cleanup
Event: 13385.280 Executing VM operation: Cleanup done
Event: 13385.471 Executing VM operation: G1CollectForAllocation (G1 Evacuation Pause)
Event: 13385.479 Executing VM operation: G1CollectForAllocation (G1 Evacuation Pause) done
Event: 13385.573 Executing VM operation: G1PauseRemark
Event: 13385.619 Executing VM operation: G1PauseRemark done
Event: 13385.645 Executing VM operation: G1PauseCleanup
Event: 13385.645 Executing VM operation: G1PauseCleanup done
Event: 13386.658 Executing VM operation: Cleanup
Event: 13386.658 Executing VM operation: Cleanup done
Event: 13387.659 Executing VM operation: Cleanup
Event: 13387.659 Executing VM operation: Cleanup done
Event: 13388.674 Executing VM operation: Cleanup
Event: 13388.674 Executing VM operation: Cleanup done
Event: 13389.149 Executing VM operation: G1CollectForAllocation (G1 Evacuation Pause)
Event: 13389.157 Executing VM operation: G1CollectForAllocation (G1 Evacuation Pause) done

Events (20 events):
Event: 13385.618 Thread 0x000001d2b65f9c50 flushing nmethod 0x000001d2a2600e10
Event: 13385.618 Thread 0x000001d2b65f9c50 flushing nmethod 0x000001d2a25d4c90
Event: 13385.618 Thread 0x000001d2b65f9c50 flushing nmethod 0x000001d2a255b410
Event: 13385.618 Thread 0x000001d2b65f9c50 flushing nmethod 0x000001d2a2514810
Event: 13385.618 Thread 0x000001d2b65f9c50 flushing nmethod 0x000001d2a23cf810
Event: 13385.618 Thread 0x000001d2b65f9c50 flushing nmethod 0x000001d2a23e7d10
Event: 13385.618 Thread 0x000001d2b65f9c50 flushing nmethod 0x000001d2aa3add90
Event: 13385.618 Thread 0x000001d2b65f9c50 flushing nmethod 0x000001d2a23d5510
Event: 13385.618 Thread 0x000001d2b65f9c50 flushing nmethod 0x000001d2a233d910
Event: 13385.618 Thread 0x000001d2b65f9c50 flushing nmethod 0x000001d2a2336f10
Event: 13385.618 Thread 0x000001d2b65f9c50 flushing nmethod 0x000001d2a2336090
Event: 13385.618 Thread 0x000001d2b65f9c50 flushing nmethod 0x000001d2a22b1a10
Event: 13385.618 Thread 0x000001d2b65f9c50 flushing nmethod 0x000001d2a22c6b10
Event: 13385.618 Thread 0x000001d2b65f9c50 flushing nmethod 0x000001d2aa24b090
Event: 13385.618 Thread 0x000001d2b65f9c50 flushing nmethod 0x000001d2a2288990
Event: 13385.618 Thread 0x000001d2b65f9c50 flushing nmethod 0x000001d2aa2c5410
Event: 13385.618 Thread 0x000001d2b65f9c50 flushing nmethod 0x000001d2aa32aa90
Event: 13385.618 Thread 0x000001d2b65f9c50 flushing nmethod 0x000001d2aa26a410
Event: 13385.618 Thread 0x000001d2b65f9c50 flushing nmethod 0x000001d2aa114710
Event: 13385.618 Thread 0x000001d2b65f9c50 flushing nmethod 0x000001d2a9df1610


Dynamic libraries:
0x00007ff68a500000 - 0x00007ff68a50e000 	C:\Program Files\Eclipse Adoptium\jdk-21.0.1.12-hotspot\bin\java.exe
0x00007ff99f790000 - 0x00007ff99f988000 	C:\Windows\SYSTEM32\ntdll.dll
0x00007ff99f4c0000 - 0x00007ff99f57d000 	C:\Windows\System32\KERNEL32.DLL
0x00007ff99ce40000 - 0x00007ff99d136000 	C:\Windows\System32\KERNELBASE.dll
0x00007ff99d500000 - 0x00007ff99d600000 	C:\Windows\System32\ucrtbase.dll
0x00007ff96a380000 - 0x00007ff96a398000 	C:\Program Files\Eclipse Adoptium\jdk-21.0.1.12-hotspot\bin\jli.dll
0x00007ff96a3a0000 - 0x00007ff96a3bb000 	C:\Program Files\Eclipse Adoptium\jdk-21.0.1.12-hotspot\bin\VCRUNTIME140.dll
0x00007ff99d8a0000 - 0x00007ff99da3f000 	C:\Windows\System32\USER32.dll
0x00007ff99d140000 - 0x00007ff99d162000 	C:\Windows\System32\win32u.dll
0x00007ff96ffd0000 - 0x00007ff97026a000 	C:\Windows\WinSxS\amd64_microsoft.windows.common-controls_6595b64144ccf1df_6.0.19041.3636_none_60b6a03d71f818d5\COMCTL32.dll
0x00007ff99daf0000 - 0x00007ff99db1b000 	C:\Windows\System32\GDI32.dll
0x00007ff99e030000 - 0x00007ff99e0ce000 	C:\Windows\System32\msvcrt.dll
0x00007ff99d6a0000 - 0x00007ff99d7b7000 	C:\Windows\System32\gdi32full.dll
0x00007ff99d600000 - 0x00007ff99d69d000 	C:\Windows\System32\msvcp_win.dll
0x00007ff99f480000 - 0x00007ff99f4b2000 	C:\Windows\System32\IMM32.DLL
0x00007ff96aa40000 - 0x00007ff96aa4c000 	C:\Program Files\Eclipse Adoptium\jdk-21.0.1.12-hotspot\bin\vcruntime140_1.dll
0x00007ff967e40000 - 0x00007ff967ece000 	C:\Program Files\Eclipse Adoptium\jdk-21.0.1.12-hotspot\bin\msvcp140.dll
0x00007ff91b8b0000 - 0x00007ff91c631000 	C:\Program Files\Eclipse Adoptium\jdk-21.0.1.12-hotspot\bin\server\jvm.dll
0x00007ff99dc30000 - 0x00007ff99dce0000 	C:\Windows\System32\ADVAPI32.dll
0x00007ff99e710000 - 0x00007ff99e7b0000 	C:\Windows\System32\sechost.dll
0x00007ff99e280000 - 0x00007ff99e3a3000 	C:\Windows\System32\RPCRT4.dll
0x00007ff99d320000 - 0x00007ff99d347000 	C:\Windows\System32\bcrypt.dll
0x00007ff99de20000 - 0x00007ff99de8b000 	C:\Windows\System32\WS2_32.dll
0x00007ff99c850000 - 0x00007ff99c89b000 	C:\Windows\SYSTEM32\POWRPROF.dll
0x00007ff974730000 - 0x00007ff974757000 	C:\Windows\SYSTEM32\WINMM.dll
0x00007ff98ee20000 - 0x00007ff98ee2a000 	C:\Windows\SYSTEM32\VERSION.dll
0x00007ff99c830000 - 0x00007ff99c842000 	C:\Windows\SYSTEM32\UMPDC.dll
0x00007ff99ae70000 - 0x00007ff99ae82000 	C:\Windows\SYSTEM32\kernel.appcore.dll
0x00007ff96a430000 - 0x00007ff96a43a000 	C:\Program Files\Eclipse Adoptium\jdk-21.0.1.12-hotspot\bin\jimage.dll
0x00007ff99aac0000 - 0x00007ff99aca4000 	C:\Windows\SYSTEM32\DBGHELP.DLL
0x00007ff972700000 - 0x00007ff972734000 	C:\Windows\SYSTEM32\dbgcore.DLL
0x00007ff99d170000 - 0x00007ff99d1f2000 	C:\Windows\System32\bcryptPrimitives.dll
0x00007ff998130000 - 0x00007ff99813f000 	C:\Program Files\Eclipse Adoptium\jdk-21.0.1.12-hotspot\bin\instrument.dll
0x00007ff9688c0000 - 0x00007ff9688df000 	C:\Program Files\Eclipse Adoptium\jdk-21.0.1.12-hotspot\bin\java.dll
0x00007ff99e820000 - 0x00007ff99ef8b000 	C:\Windows\System32\SHELL32.dll
0x00007ff99ae90000 - 0x00007ff99b62e000 	C:\Windows\SYSTEM32\windows.storage.dll
0x00007ff99e3b0000 - 0x00007ff99e703000 	C:\Windows\System32\combase.dll
0x00007ff99c6c0000 - 0x00007ff99c6ee000 	C:\Windows\SYSTEM32\Wldp.dll
0x00007ff99f680000 - 0x00007ff99f74d000 	C:\Windows\System32\OLEAUT32.dll
0x00007ff99db80000 - 0x00007ff99dc2d000 	C:\Windows\System32\SHCORE.dll
0x00007ff99f580000 - 0x00007ff99f5d5000 	C:\Windows\System32\shlwapi.dll
0x00007ff99cd70000 - 0x00007ff99cd93000 	C:\Windows\SYSTEM32\profapi.dll
0x00007ff949ba0000 - 0x00007ff949c77000 	C:\Program Files\Eclipse Adoptium\jdk-21.0.1.12-hotspot\bin\jsvml.dll
0x00007ff9680b0000 - 0x00007ff9680c8000 	C:\Program Files\Eclipse Adoptium\jdk-21.0.1.12-hotspot\bin\zip.dll
0x00007ff968b70000 - 0x00007ff968b80000 	C:\Program Files\Eclipse Adoptium\jdk-21.0.1.12-hotspot\bin\net.dll
0x00007ff9977a0000 - 0x00007ff9978aa000 	C:\Windows\SYSTEM32\WINHTTP.dll
0x00007ff99c4a0000 - 0x00007ff99c50a000 	C:\Windows\system32\mswsock.dll
0x00007ff9680d0000 - 0x00007ff9680e6000 	C:\Program Files\Eclipse Adoptium\jdk-21.0.1.12-hotspot\bin\nio.dll
0x00007ff97a480000 - 0x00007ff97a49a000 	D:\1-app\IntelliJ IDEA Community Edition 2023.2.5\bin\breakgen64.dll
0x00007ff9688b0000 - 0x00007ff9688b7000 	C:\Program Files\Eclipse Adoptium\jdk-21.0.1.12-hotspot\bin\extnet.dll
0x00007ff967d90000 - 0x00007ff967da0000 	C:\Program Files\Eclipse Adoptium\jdk-21.0.1.12-hotspot\bin\verify.dll
0x00007ff999990000 - 0x00007ff99999a000 	C:\Program Files\Eclipse Adoptium\jdk-21.0.1.12-hotspot\bin\management.dll
0x00007ff999970000 - 0x00007ff99997b000 	C:\Program Files\Eclipse Adoptium\jdk-21.0.1.12-hotspot\bin\management_ext.dll
0x00007ff99e810000 - 0x00007ff99e818000 	C:\Windows\System32\PSAPI.DLL
0x00007ff979270000 - 0x00007ff979287000 	C:\Windows\system32\napinsp.dll
0x00007ff979250000 - 0x00007ff97926b000 	C:\Windows\system32\pnrpnsp.dll
0x00007ff979150000 - 0x00007ff979165000 	C:\Windows\system32\wshbth.dll
0x00007ff9980c0000 - 0x00007ff9980dd000 	C:\Windows\system32\NLAapi.dll
0x00007ff99c1a0000 - 0x00007ff99c1db000 	C:\Windows\SYSTEM32\IPHLPAPI.DLL
0x00007ff99c1e0000 - 0x00007ff99c2ab000 	C:\Windows\SYSTEM32\DNSAPI.dll
0x00007ff99f5e0000 - 0x00007ff99f5e8000 	C:\Windows\System32\NSI.dll
0x00007ff978df0000 - 0x00007ff978e02000 	C:\Windows\System32\winrnr.dll
0x0000000062f20000 - 0x0000000062f46000 	C:\Program Files\Bonjour\mdnsNSP.dll
0x00007ff993d10000 - 0x00007ff993d1a000 	C:\Windows\System32\rasadhlp.dll
0x00007ff98f1c0000 - 0x00007ff98f240000 	C:\Windows\System32\fwpuclnt.dll
0x00007ff99c760000 - 0x00007ff99c778000 	C:\Windows\SYSTEM32\CRYPTSP.dll
0x00007ff99bde0000 - 0x00007ff99be14000 	C:\Windows\system32\rsaenh.dll
0x00007ff99ccf0000 - 0x00007ff99cd1e000 	C:\Windows\SYSTEM32\USERENV.dll
0x00007ff99c630000 - 0x00007ff99c63c000 	C:\Windows\SYSTEM32\CRYPTBASE.dll
0x00007ff998140000 - 0x00007ff99814e000 	C:\Program Files\Eclipse Adoptium\jdk-21.0.1.12-hotspot\bin\sunmscapi.dll
0x00007ff99d3a0000 - 0x00007ff99d4fe000 	C:\Windows\System32\CRYPT32.dll
0x00007ff99c8e0000 - 0x00007ff99c908000 	C:\Windows\SYSTEM32\ncrypt.dll
0x00007ff99c8a0000 - 0x00007ff99c8db000 	C:\Windows\SYSTEM32\NTASN1.dll
0x00007ff97a720000 - 0x00007ff97a727000 	C:\Windows\system32\wshunix.dll

dbghelp: loaded successfully - version: 4.0.5 - missing functions: none
symbol engine: initialized successfully - sym options: 0x614 - pdb path: .;C:\Program Files\Eclipse Adoptium\jdk-21.0.1.12-hotspot\bin;C:\Windows\SYSTEM32;C:\Windows\WinSxS\amd64_microsoft.windows.common-controls_6595b64144ccf1df_6.0.19041.3636_none_60b6a03d71f818d5;C:\Program Files\Eclipse Adoptium\jdk-21.0.1.12-hotspot\bin\server;D:\1-app\IntelliJ IDEA Community Edition 2023.2.5\bin;C:\Program Files\Bonjour

VM Arguments:
jvm_args: -javaagent:D:\1-app\IntelliJ IDEA Community Edition 2023.2.5\lib\idea_rt.jar=50834:D:\1-app\IntelliJ IDEA Community Edition 2023.2.5\bin -Dfile.encoding=UTF-8 -Dsun.stdout.encoding=UTF-8 -Dsun.stderr.encoding=UTF-8 
java_command: vn.tuanflutte.BackendSpringBootApplication
java_class_path (initial): D:\16_DO_AN\DO_AN_SEM_II\BACKEND_SPRING_BOOT\target\classes;C:\Users\DELL\.m2\repository\org\springframework\boot\spring-boot-starter\2.4.5\spring-boot-starter-2.4.5.jar;C:\Users\DELL\.m2\repository\org\springframework\boot\spring-boot\2.4.5\spring-boot-2.4.5.jar;C:\Users\DELL\.m2\repository\org\springframework\spring-context\5.3.6\spring-context-5.3.6.jar;C:\Users\DELL\.m2\repository\org\springframework\boot\spring-boot-autoconfigure\2.4.5\spring-boot-autoconfigure-2.4.5.jar;C:\Users\DELL\.m2\repository\org\springframework\boot\spring-boot-starter-logging\2.4.5\spring-boot-starter-logging-2.4.5.jar;C:\Users\DELL\.m2\repository\ch\qos\logback\logback-classic\1.2.3\logback-classic-1.2.3.jar;C:\Users\DELL\.m2\repository\ch\qos\logback\logback-core\1.2.3\logback-core-1.2.3.jar;C:\Users\DELL\.m2\repository\org\apache\logging\log4j\log4j-to-slf4j\2.13.3\log4j-to-slf4j-2.13.3.jar;C:\Users\DELL\.m2\repository\org\apache\logging\log4j\log4j-api\2.13.3\log4j-api-2.13.3.jar;C:\Users\DELL\.m2\repository\org\slf4j\jul-to-slf4j\1.7.30\jul-to-slf4j-1.7.30.jar;C:\Users\DELL\.m2\repository\jakarta\annotation\jakarta.annotation-api\1.3.5\jakarta.annotation-api-1.3.5.jar;C:\Users\DELL\.m2\repository\org\springframework\spring-core\5.3.6\spring-core-5.3.6.jar;C:\Users\DELL\.m2\repository\org\springframework\spring-jcl\5.3.6\spring-jcl-5.3.6.jar;C:\Users\DELL\.m2\repository\org\yaml\snakeyaml\1.27\snakeyaml-1.27.jar;C:\Users\DELL\.m2\repository\org\slf4j\slf4j-api\1.7.30\slf4j-api-1.7.30.jar;C:\Users\DELL\.m2\repository\jakarta\xml\bind\jakarta.xml.bind-api\2.3.3\jakarta.xml.bind-api-2.3.3.jar;C:\Users\DELL\.m2\repository\jakarta\activation\jakarta.activation-api\1.2.2\jakarta.activation-api-1.2.2.jar;C:\Users\DELL\.m2\repository\net\bytebuddy\byte-buddy\1.10.22\byte-buddy-1.10.22.jar;C:\Users\DELL\.m2\repository\org\springframework\boot\spring-boot-starter-data-jpa\2.4.5\spring-boot-starter-data-jpa-2.4.5.jar;C:\Users\DELL\.m2\repository\org\springframework\boot\spring-boot-starter-aop\2.4.5\spring-boot-starter-aop-2.4.5.jar;C:\Users\DELL\.m2\repository\org\aspectj\aspectjweaver\1.9.6\aspectjweaver-1.9.6.jar;C:\Users\DELL\.m2\repository\org\springframework\boot\spring-boot-starter-jdbc\2.4.5\spring-boot-starter-jdbc-2.4.5.jar;C:\Users\DELL\.m2\repository\com\zaxxer\HikariCP\3.4.5\HikariCP-3.4.5.jar;C:\Users\DELL\.m2\repository\org\springframework\spring-jdbc\5.3.6\spring-jdbc-5.3.6.jar;C:\Users\DELL\.m2\repository\jakarta\transaction\jakarta.transaction-api\1.3.3\jakarta.transaction-api-1.3.3.jar;C:\Users\DELL\.m2\repository\jakarta\persistence\jakarta.persistence-api\2.2.3\jakarta.persistence-api-2.2.3.jar;C:\Users\DELL\.m2\repository\org\hibernate\hibernate-core\5.4.30.Final\hibernate-core-5.4.30.Final.jar;C:\Users\DELL\.m2\repository\org\jboss\logging\jboss-logging\3.4.1.Final\jboss-logging-3.4.1.Final.jar;C:\Users\DELL\.m2\repository\org\javassist\javassist\3.27.0-GA\javassist-3.27.0-GA.jar;C:\Users\DELL\.m2\repository\antlr\antlr\2.7.7\antlr-2.7.7.jar;C:\Users\DELL\.m2\repository\org\jboss\jandex\2.2.3.Final\jandex-2.2.3.Final.jar;C:\Users\DELL\.m2\repository\com\fasterxml\classmate\1.5.1\classmate-1.5.1.jar;C:\Users\DELL\.m2\repository\org\dom4j\dom4j\2.1.3\dom4j-2.1.3.jar;C:\Users\DELL\.m2\repository\org\hibernate\common\hibernate-commons-annotations\5.1.2.Final\hibernate-commons-annotations-5.1.2.Final.jar;C:\Users\DELL\.m2\repository\org\glassfish\jaxb\jaxb-runtime\2.3.4\jaxb-runtime-2.3.4.jar;C:\Users\DELL\.m2\repository\org\glassfish\jaxb\txw2\2.3.4\txw2-2.3.4.jar;C:\Users\DELL\.m2\repository\com\sun\istack\istack-commons-runtime\3.0.12\istack-commons-runtime-3.0.12.jar;C:\Users\DELL\.m2\repository\com\sun\activation\jakarta.activation\1.2.2\jakarta.activation-1.2.2.jar;C:\Users\DELL\.m2\repository\org\springframework\data\spring-data-jpa\2.4.8\spring-data-jpa-2.4.8.jar;C:\Users\DELL\.m2\repository\org\springframework\data\spring-data-commons\2.4.8\spring-data-commons-2.4.8.jar;C:\Users\DELL\.m2\repository\org\springframework\spring-orm\5.3.6\spring-orm-5.3.6.jar;C:\Users\DELL\.m2\repository\org\springframework\spring-tx\5.3.6\spring-tx-5.3.6.jar;C:\Users\DELL\.m2\repository\org\springframework\spring-beans\5.3.6\spring-beans-5.3.6.jar;C:\Users\DELL\.m2\repository\org\springframework\spring-aspects\5.3.6\spring-aspects-5.3.6.jar;C:\Users\DELL\.m2\repository\org\springframework\boot\spring-boot-starter-web\2.4.5\spring-boot-starter-web-2.4.5.jar;C:\Users\DELL\.m2\repository\org\springframework\boot\spring-boot-starter-json\2.4.5\spring-boot-starter-json-2.4.5.jar;C:\Users\DELL\.m2\repository\com\fasterxml\jackson\datatype\jackson-datatype-jdk8\2.11.4\jackson-datatype-jdk8-2.11.4.jar;C:\Users\DELL\.m2\repository\com\fasterxml\jackson\datatype\jackson-datatype-jsr310\2.11.4\jackson-datatype-jsr310-2.11.4.jar;C:\Users\DELL\.m2\repository\com\fasterxml\jackson\module\jackson-module-parameter-names\2.11.4\jackson-module-parameter-names-2.11.4.jar;C:\Users\DELL\.m2\repository\org\springframework\boot\spring-boot-starter-tomcat\2.4.5\spring-boot-starter-tomcat-2.4.5.jar;C:\Users\DELL\.m2\repository\org\apache\tomcat\embed\tomcat-embed-core\9.0.45\tomcat-embed-core-9.0.45.jar;C:\Users\DELL\.m2\repository\org\apache\tomcat\embed\tomcat-embed-websocket\9.0.45\tomcat-embed-websocket-9.0.45.jar;C:\Users\DELL\.m2\repository\org\springframework\spring-web\5.3.6\spring-web-5.3.6.jar;C:\Users\DELL\.m2\repository\org\springframework\spring-webmvc\5.3.6\spring-webmvc-5.3.6.jar;C:\Users\DELL\.m2\repository\org\springframework\spring-expression\5.3.6\spring-expression-5.3.6.jar;C:\Users\DELL\.m2\repository\com\h2database\h2\1.4.200\h2-1.4.200.jar;C:\Users\DELL\.m2\repository\mysql\mysql-connector-java\8.0.23\mysql-connector-java-8.0.23.jar;C:\Users\DELL\.m2\repository\com\oracle\database\jdbc\ojdbc8\21.1.0.0\ojdbc8-21.1.0.0.jar;C:\Users\DELL\.m2\repository\org\springframework\boot\spring-boot-starter-security\2.4.5\spring-boot-starter-security-2.4.5.jar;C:\Users\DELL\.m2\repository\org\springframework\spring-aop\5.3.6\spring-aop-5.3.6.jar;C:\Users\DELL\.m2\repository\org\springframework\security\spring-security-config\5.4.6\spring-security-config-5.4.6.jar;C:\Users\DELL\.m2\repository\org\springframework\security\spring-security-core\5.4.6\spring-security-core-5.4.6.jar;C:\Users\DELL\.m2\repository\org\springframework\security\spring-security-web\5.4.6\spring-security-web-5.4.6.jar;C:\Users\DELL\.m2\repository\io\jsonwebtoken\jjwt\0.9.1\jjwt-0.9.1.jar;C:\Users\DELL\.m2\repository\com\fasterxml\jackson\core\jackson-databind\2.11.4\jackson-databind-2.11.4.jar;C:\Users\DELL\.m2\repository\com\fasterxml\jackson\core\jackson-annotations\2.11.4\jackson-annotations-2.11.4.jar;C:\Users\DELL\.m2\repository\com\fasterxml\jackson\core\jackson-core\2.11.4\jackson-core-2.11.4.jar;C:\Users\DELL\.m2\repository\org\jetbrains\annotations\24.1.0\annotations-24.1.0.jar;C:\Users\DELL\.m2\repository\org\springframework\boot\spring-boot-starter-validation\2.4.5\spring-boot-starter-validation-2.4.5.jar;C:\Users\DELL\.m2\repository\org\glassfish\jakarta.el\3.0.3\jakarta.el-3.0.3.jar;C:\Users\DELL\.m2\repository\org\hibernate\validator\hibernate-validator\6.1.7.Final\hibernate-validator-6.1.7.Final.jar;C:\Users\DELL\.m2\repository\jakarta\validation\jakarta.validation-api\2.0.2\jakarta.validation-api-2.0.2.jar;C:\Users\DELL\.m2\repository\commons-fileupload\commons-fileupload\1.5\commons-fileupload-1.5.jar;C:\Users\DELL\.m2\repository\commons-io\commons-io\2.15.1\commons-io-2.15.1.jar
Launcher Type: SUN_STANDARD

[Global flags]
     intx CICompilerCount                          = 4                                         {product} {ergonomic}
     uint ConcGCThreads                            = 2                                         {product} {ergonomic}
     uint G1ConcRefinementThreads                  = 8                                         {product} {ergonomic}
   size_t G1HeapRegionSize                         = 1048576                                   {product} {ergonomic}
    uintx GCDrainStackTargetSize                   = 64                                        {product} {ergonomic}
   size_t InitialHeapSize                          = 130023424                                 {product} {ergonomic}
   size_t MarkStackSize                            = 4194304                                   {product} {ergonomic}
   size_t MaxHeapSize                              = 2053111808                                {product} {ergonomic}
   size_t MaxNewSize                               = 1231028224                                {product} {ergonomic}
   size_t MinHeapDeltaBytes                        = 1048576                                   {product} {ergonomic}
   size_t MinHeapSize                              = 8388608                                   {product} {ergonomic}
    uintx NonNMethodCodeHeapSize                   = 5839372                                {pd product} {ergonomic}
    uintx NonProfiledCodeHeapSize                  = 122909434                              {pd product} {ergonomic}
    uintx ProfiledCodeHeapSize                     = 122909434                              {pd product} {ergonomic}
    uintx ReservedCodeCacheSize                    = 251658240                              {pd product} {ergonomic}
     bool SegmentedCodeCache                       = true                                      {product} {ergonomic}
   size_t SoftMaxHeapSize                          = 2053111808                             {manageable} {ergonomic}
     bool UseCompressedOops                        = true                           {product lp64_product} {ergonomic}
     bool UseG1GC                                  = true                                      {product} {ergonomic}
     bool UseLargePagesIndividualAllocation        = false                                  {pd product} {ergonomic}

Logging:
Log output configuration:
 #0: stdout all=warning uptime,level,tags foldmultilines=false
 #1: stderr all=off uptime,level,tags foldmultilines=false

Environment Variables:
JAVA_HOME=C:\Program Files\Eclipse Adoptium\jdk-21.0.1.12-hotspot\
PATH=D:\1-app\software\orcale\bin;C:\Program Files\Common Files\Oracle\Java\javapath;C:\Program Files\Eclipse Adoptium\jdk-21.0.1.12-hotspot\bin;C:\Windows\system32;C:\Windows;C:\Windows\System32\Wbem;C:\Windows\System32\WindowsPowerShell\v1.0\;C:\Windows\System32\OpenSSH\;C:\Users\DELL\AppData\Roaming\nvm;C:\Program Files\nodejs;C:\xampp\php;C:\ProgramData\ComposerSetup\bin;C:\Program Files\Git\cmd;C:\maven\apache-maven-3.9.5\bin;C:\Program Files (x86)\Microsoft SQL Server\160\Tools\Binn\;C:\Program Files\Microsoft SQL Server\160\Tools\Binn\;C:\Program Files\Microsoft SQL Server\Client SDK\ODBC\170\Tools\Binn\;C:\Program Files\Microsoft SQL Server\160\DTS\Binn\;C:\Program Files (x86)\Microsoft SQL Server\160\DTS\Binn\;C:\Program Files\Azure Data Studio\bin;C:\Users\DELL\AppData\Local\Programs\Python\Python38\Scripts\;C:\Users\DELL\AppData\Local\Programs\Python\Python38\;D:\1-app\python\Scripts\;D:\1-app\python\;C:\Users\DELL\AppData\Local\Microsoft\WindowsApps;C:\Users\DELL\AppData\Roaming\nvm;C:\Program Files\nodejs;C:\Users\DELL\AppData\Roaming\Composer\vendor\bin;C:\Program Files\JetBrains\IntelliJ IDEA 2023.2.5\bin;;C:\Program Files\Azure Data Studio\bin;C:\Users\DELL\AppData\Local\Programs\Microsoft VS Code\bin;C:\src\flutter\bin;
USERNAME=DELL
OS=Windows_NT
PROCESSOR_IDENTIFIER=Intel64 Family 6 Model 165 Stepping 2, GenuineIntel
TMP=C:\Users\DELL\AppData\Local\Temp
TEMP=C:\Users\DELL\AppData\Local\Temp




Periodic native trim disabled

---------------  S Y S T E M  ---------------

OS:
 Windows 10 , 64 bit Build 19041 (10.0.19041.3636)
OS uptime: 0 days 4:19 hours
Hyper-V role detected

CPU: total 8 (initial active 8) (4 cores per cpu, 2 threads per core) family 6 model 165 stepping 2 microcode 0xf4, cx8, cmov, fxsr, ht, mmx, 3dnowpref, sse, sse2, sse3, ssse3, sse4.1, sse4.2, popcnt, lzcnt, tsc, tscinvbit, avx, avx2, aes, erms, clmul, bmi1, bmi2, adx, fma, vzeroupper, clflush, clflushopt, hv, rdtscp, f16c
Processor Information for all 8 processors :
  Max Mhz: 2496, Current Mhz: 2496, Mhz Limit: 2496

Memory: 4k page, system-wide physical 7825M (388M free)
TotalPageFile size 20647M (AvailPageFile size 2M)
current process WorkingSet (physical memory assigned to process): 196M, peak: 284M
current process commit charge ("private bytes"): 319M, peak: 331M

vm_info: OpenJDK 64-Bit Server VM (21.0.1+12-LTS) for windows-amd64 JRE (21.0.1+12-LTS), built on 2023-10-17T00:00:00Z by "admin" with unknown MS VC++:1937

END.
